<?xml version="1.0" encoding="UTF-8"?>
<testsuite xmlns:xsi="http://www.w3.org/2001/XMLSchema-instance" xsi:noNamespaceSchemaLocation="https://maven.apache.org/surefire/maven-surefire-plugin/xsd/surefire-test-report.xsd" name="accuweather.ForecastsDailyTest" time="5.455" tests="5" errors="0" skipped="0" failures="0">
  <properties>
[...]
</properties>
  <testcase name="testResponseDateAutocompleteSearch" classname="accuweather.ForecastsDailyTest" time="3.137"/>
  <testcase name="testGetResponse1Day" classname="accuweather.ForecastsDailyTest" time="0.693"/>
  <testcase name="testGetLocations" classname="accuweather.ForecastsDailyTest" time="0.364"/>
  <testcase name="testGetResponse10Days" classname="accuweather.ForecastsDailyTest" time="0.576"/>
  <testcase name="testGetResponse15Days" classname="accuweather.ForecastsDailyTest" time="0.594"/>
</testsuite>